      ------------------------core3[1:x]
      ---------------------L1cache3[32:s]
      ------------------L2cache3[256:s]
      ---------------L3cache0[20480:s]
      ------------socket0[1:s]
      ---------numanode0[1:s]
      ------cab1251[1:s]
      ---cluster0[1:s]
INFO: =============================
INFO: JOBID=1
INFO: RESOURCES=ALLOCATED
INFO: SCHEDULED AT=Now
INFO: =============================
      ------------------------core2[1:x]
      ---------------------L1cache2[32:s]
      ------------------L2cache2[256:s]
      ---------------L3cache0[20480:s]
      ------------socket0[1:s]
      ---------numanode0[1:s]
      ------cab1251[1:s]
      ---cluster0[1:s]
INFO: =============================
INFO: JOBID=2
INFO: RESOURCES=ALLOCATED
INFO: SCHEDULED AT=Now
INFO: =============================
      ------------------------core1[1:x]
      ---------------------L1cache1[32:s]
      ------------------L2cache1[256:s]
      ---------------L3cache0[20480:s]
      ------------socket0[1:s]
      ---------numanode0[1:s]
      ------cab1251[1:s]
      ---cluster0[1:s]
INFO: =============================
INFO: JOBID=3
INFO: RESOURCES=ALLOCATED
INFO: SCHEDULED AT=Now
INFO: =============================
      ------------------------core0[1:x]
      ---------------------L1cache0[32:s]
      ------------------L2cache0[256:s]
      ---------------L3cache0[20480:s]
      ------------socket0[1:s]
      ---------numanode0[1:s]
      ------cab1251[1:s]
      ---cluster0[1:s]
INFO: =============================
INFO: JOBID=4
INFO: RESOURCES=ALLOCATED
INFO: SCHEDULED AT=Now
INFO: =============================
