{"version": 1, "execution": {"R_lite": [{"rank": "-1,-1", "children": {"core": "28-35"}}], "nodelist": ["node[0-1]"], "starttime": 0, "expiration": 3600, "nslots": 16}}
INFO: =============================
INFO: JOBID=1
INFO: RESOURCES=ALLOCATED
INFO: SCHEDULED AT=Now
INFO: =============================
{"version": 1, "execution": {"R_lite": [{"rank": "-1,-1", "children": {"core": "20-27"}}], "nodelist": ["node[0-1]"], "starttime": 0, "expiration": 3600, "nslots": 16}}
INFO: =============================
INFO: JOBID=2
INFO: RESOURCES=ALLOCATED
INFO: SCHEDULED AT=Now
INFO: =============================
{"version": 1, "execution": {"R_lite": [{"rank": "-1,-1", "children": {"core": "18-19"}}], "nodelist": ["node[0-1]"], "starttime": 0, "expiration": 3600, "nslots": 4}}
INFO: =============================
INFO: JOBID=3
INFO: RESOURCES=ALLOCATED
INFO: SCHEDULED AT=Now
INFO: =============================
{"version": 1, "execution": {"R_lite": [{"rank": "-1,-1", "children": {"core": "10-17"}}], "nodelist": ["node[0-1]"], "starttime": 0, "expiration": 3600, "nslots": 16}}
INFO: =============================
INFO: JOBID=4
INFO: RESOURCES=ALLOCATED
INFO: SCHEDULED AT=Now
INFO: =============================
{"version": 1, "execution": {"R_lite": [{"rank": "-1,-1", "children": {"core": "2-9"}}], "nodelist": ["node[0-1]"], "starttime": 0, "expiration": 3600, "nslots": 16}}
INFO: =============================
INFO: JOBID=5
INFO: RESOURCES=ALLOCATED
INFO: SCHEDULED AT=Now
INFO: =============================
{"version": 1, "execution": {"R_lite": [{"rank": "-1,-1", "children": {"core": "0-1"}}], "nodelist": ["node[0-1]"], "starttime": 0, "expiration": 3600, "nslots": 4}}
INFO: =============================
INFO: JOBID=6
INFO: RESOURCES=ALLOCATED
INFO: SCHEDULED AT=Now
INFO: =============================
INFO: =============================
INFO: No matching resources found
INFO: JOBID=7
INFO: =============================
