      ---------ssd15[10:s]
      ------------core0[1:x]
      ------------core1[1:x]
      ---------hetchy1018[1:x]
      ------chassis1[1:s]
      ---hetchy[1:s]
INFO: =============================
INFO: JOBID=1
INFO: RESOURCES=ALLOCATED
INFO: SCHEDULED AT=Now
INFO: =============================
      ---------ssd3[10:s]
      ------------core0[1:x]
      ------------core1[1:x]
      ---------hetchy1002[1:x]
      ------chassis0[1:s]
      ---hetchy[1:s]
INFO: =============================
INFO: JOBID=2
INFO: RESOURCES=ALLOCATED
INFO: SCHEDULED AT=Now
INFO: =============================
