      ---------ssd15[1:s]
      ------chassis1[1:s]
      ---hetchy[1:s]
INFO: =============================
INFO: JOBID=1
INFO: RESOURCES=ALLOCATED
INFO: SCHEDULED AT=Now
INFO: =============================
      ---------ssd3[1:s]
      ------chassis0[1:s]
      ---hetchy[1:s]
INFO: =============================
INFO: JOBID=2
INFO: RESOURCES=ALLOCATED
INFO: SCHEDULED AT=Now
INFO: =============================
      ---------ssd15[1:s]
      ------chassis1[1:s]
      ---hetchy[1:s]
INFO: =============================
INFO: JOBID=3
INFO: RESOURCES=ALLOCATED
INFO: SCHEDULED AT=Now
INFO: =============================
      ---------ssd15[1:s]
      ------chassis1[1:s]
      ---hetchy[1:s]
INFO: =============================
INFO: JOBID=4
INFO: RESOURCES=ALLOCATED
INFO: SCHEDULED AT=Now
INFO: =============================
      ---------ssd15[1:s]
      ------chassis1[1:s]
      ---hetchy[1:s]
INFO: =============================
INFO: JOBID=5
INFO: RESOURCES=ALLOCATED
INFO: SCHEDULED AT=Now
INFO: =============================
