      ---------ssd2[10:s]
      ------------core0[1:x]
      ---------hetchy1001[1:s]
      ------------core0[1:x]
      ---------hetchy1002[1:s]
      ------chassis0[1:s]
      ---------ssd14[25:s]
      ------------core0[1:x]
      ---------hetchy1003[1:s]
      ------------core0[1:x]
      ---------hetchy1004[1:s]
      ------------core0[1:x]
      ---------hetchy1005[1:s]
      ------------core0[1:x]
      ---------hetchy1006[1:s]
      ------------core0[1:x]
      ---------hetchy1007[1:s]
      ------chassis1[1:s]
      ---hetchy[1:s]
INFO: =============================
INFO: JOBID=1
INFO: RESOURCES=ALLOCATED
INFO: SCHEDULED AT=Now
INFO: =============================
