      ---------ssd15[35:s]
      ------------core1[1:x]
      ---------hetchy1012[1:s]
      ------------core1[1:x]
      ---------hetchy1013[1:s]
      ------------core1[1:x]
      ---------hetchy1014[1:s]
      ------------core1[1:x]
      ---------hetchy1015[1:s]
      ------------core1[1:x]
      ---------hetchy1016[1:s]
      ------------core1[1:x]
      ---------hetchy1017[1:s]
      ------------core1[1:x]
      ---------hetchy1018[1:s]
      ------chassis1[1:s]
      ---hetchy[1:s]
INFO: =============================
INFO: JOBID=1
INFO: RESOURCES=ALLOCATED
INFO: SCHEDULED AT=Now
INFO: =============================
