{"graph":{"nodes":[{"id":"79","metadata":{"type":"core","basename":"core","name":"core35","id":35,"uniq_id":79,"rank":-1,"exclusive":true,"unit":"","size":1, "paths":{"containment":"/tiny0/rack0/node1/socket1/core35"}}},{"id":"7","metadata":{"type":"socket","basename":"socket","name":"socket1","id":1,"uniq_id":7,"rank":-1,"exclusive":true,"unit":"","size":1, "paths":{"containment":"/tiny0/rack0/node1/socket1"}}},{"id":"3","metadata":{"type":"node","basename":"node","name":"node1","id":1,"uniq_id":3,"rank":-1,"exclusive":false,"unit":"","size":1, "paths":{"containment":"/tiny0/rack0/node1"}}},{"id":"1","metadata":{"type":"rack","basename":"rack","name":"rack0","id":0,"uniq_id":1,"rank":-1,"exclusive":false,"unit":"","size":1, "paths":{"containment":"/tiny0/rack0"}}},{"id":"0","metadata":{"type":"cluster","basename":"tiny","name":"tiny0","id":0,"uniq_id":0,"rank":-1,"exclusive":false,"unit":"","size":1, "paths":{"containment":"/tiny0"}}}],"edges":[ {"source":"7","target":"79","metadata":{"name":{"containment":"contains"}}},{"source":"3","target":"7","metadata":{"name":{"containment":"contains"}}},{"source":"1","target":"3","metadata":{"name":{"containment":"contains"}}},{"source":"0","target":"1","metadata":{"name":{"containment":"contains"}}}]}}
INFO: =============================
INFO: JOBID=1
INFO: RESOURCES=ALLOCATED
INFO: SCHEDULED AT=Now
INFO: =============================
{"graph":{"nodes":[{"id":"61","metadata":{"type":"core","basename":"core","name":"core17","id":17,"uniq_id":61,"rank":-1,"exclusive":true,"unit":"","size":1, "paths":{"containment":"/tiny0/rack0/node1/socket0/core17"}}},{"id":"6","metadata":{"type":"socket","basename":"socket","name":"socket0","id":0,"uniq_id":6,"rank":-1,"exclusive":true,"unit":"","size":1, "paths":{"containment":"/tiny0/rack0/node1/socket0"}}},{"id":"3","metadata":{"type":"node","basename":"node","name":"node1","id":1,"uniq_id":3,"rank":-1,"exclusive":false,"unit":"","size":1, "paths":{"containment":"/tiny0/rack0/node1"}}},{"id":"1","metadata":{"type":"rack","basename":"rack","name":"rack0","id":0,"uniq_id":1,"rank":-1,"exclusive":false,"unit":"","size":1, "paths":{"containment":"/tiny0/rack0"}}},{"id":"0","metadata":{"type":"cluster","basename":"tiny","name":"tiny0","id":0,"uniq_id":0,"rank":-1,"exclusive":false,"unit":"","size":1, "paths":{"containment":"/tiny0"}}}],"edges":[ {"source":"6","target":"61","metadata":{"name":{"containment":"contains"}}},{"source":"3","target":"6","metadata":{"name":{"containment":"contains"}}},{"source":"1","target":"3","metadata":{"name":{"containment":"contains"}}},{"source":"0","target":"1","metadata":{"name":{"containment":"contains"}}}]}}
INFO: =============================
INFO: JOBID=2
INFO: RESOURCES=ALLOCATED
INFO: SCHEDULED AT=Now
INFO: =============================
{"graph":{"nodes":[{"id":"43","metadata":{"type":"core","basename":"core","name":"core35","id":35,"uniq_id":43,"rank":-1,"exclusive":true,"unit":"","size":1, "paths":{"containment":"/tiny0/rack0/node0/socket1/core35"}}},{"id":"5","metadata":{"type":"socket","basename":"socket","name":"socket1","id":1,"uniq_id":5,"rank":-1,"exclusive":true,"unit":"","size":1, "paths":{"containment":"/tiny0/rack0/node0/socket1"}}},{"id":"2","metadata":{"type":"node","basename":"node","name":"node0","id":0,"uniq_id":2,"rank":-1,"exclusive":false,"unit":"","size":1, "paths":{"containment":"/tiny0/rack0/node0"}}},{"id":"1","metadata":{"type":"rack","basename":"rack","name":"rack0","id":0,"uniq_id":1,"rank":-1,"exclusive":false,"unit":"","size":1, "paths":{"containment":"/tiny0/rack0"}}},{"id":"0","metadata":{"type":"cluster","basename":"tiny","name":"tiny0","id":0,"uniq_id":0,"rank":-1,"exclusive":false,"unit":"","size":1, "paths":{"containment":"/tiny0"}}}],"edges":[ {"source":"5","target":"43","metadata":{"name":{"containment":"contains"}}},{"source":"2","target":"5","metadata":{"name":{"containment":"contains"}}},{"source":"1","target":"2","metadata":{"name":{"containment":"contains"}}},{"source":"0","target":"1","metadata":{"name":{"containment":"contains"}}}]}}
INFO: =============================
INFO: JOBID=3
INFO: RESOURCES=ALLOCATED
INFO: SCHEDULED AT=Now
INFO: =============================
{"graph":{"nodes":[{"id":"25","metadata":{"type":"core","basename":"core","name":"core17","id":17,"uniq_id":25,"rank":-1,"exclusive":true,"unit":"","size":1, "paths":{"containment":"/tiny0/rack0/node0/socket0/core17"}}},{"id":"4","metadata":{"type":"socket","basename":"socket","name":"socket0","id":0,"uniq_id":4,"rank":-1,"exclusive":true,"unit":"","size":1, "paths":{"containment":"/tiny0/rack0/node0/socket0"}}},{"id":"2","metadata":{"type":"node","basename":"node","name":"node0","id":0,"uniq_id":2,"rank":-1,"exclusive":false,"unit":"","size":1, "paths":{"containment":"/tiny0/rack0/node0"}}},{"id":"1","metadata":{"type":"rack","basename":"rack","name":"rack0","id":0,"uniq_id":1,"rank":-1,"exclusive":false,"unit":"","size":1, "paths":{"containment":"/tiny0/rack0"}}},{"id":"0","metadata":{"type":"cluster","basename":"tiny","name":"tiny0","id":0,"uniq_id":0,"rank":-1,"exclusive":false,"unit":"","size":1, "paths":{"containment":"/tiny0"}}}],"edges":[ {"source":"4","target":"25","metadata":{"name":{"containment":"contains"}}},{"source":"2","target":"4","metadata":{"name":{"containment":"contains"}}},{"source":"1","target":"2","metadata":{"name":{"containment":"contains"}}},{"source":"0","target":"1","metadata":{"name":{"containment":"contains"}}}]}}
INFO: =============================
INFO: JOBID=4
INFO: RESOURCES=ALLOCATED
INFO: SCHEDULED AT=Now
INFO: =============================
{"graph":{"nodes":[{"id":"79","metadata":{"type":"core","basename":"core","name":"core35","id":35,"uniq_id":79,"rank":-1,"exclusive":true,"unit":"","size":1, "paths":{"containment":"/tiny0/rack0/node1/socket1/core35"}}},{"id":"7","metadata":{"type":"socket","basename":"socket","name":"socket1","id":1,"uniq_id":7,"rank":-1,"exclusive":true,"unit":"","size":1, "paths":{"containment":"/tiny0/rack0/node1/socket1"}}},{"id":"3","metadata":{"type":"node","basename":"node","name":"node1","id":1,"uniq_id":3,"rank":-1,"exclusive":false,"unit":"","size":1, "paths":{"containment":"/tiny0/rack0/node1"}}},{"id":"1","metadata":{"type":"rack","basename":"rack","name":"rack0","id":0,"uniq_id":1,"rank":-1,"exclusive":false,"unit":"","size":1, "paths":{"containment":"/tiny0/rack0"}}},{"id":"0","metadata":{"type":"cluster","basename":"tiny","name":"tiny0","id":0,"uniq_id":0,"rank":-1,"exclusive":false,"unit":"","size":1, "paths":{"containment":"/tiny0"}}}],"edges":[ {"source":"7","target":"79","metadata":{"name":{"containment":"contains"}}},{"source":"3","target":"7","metadata":{"name":{"containment":"contains"}}},{"source":"1","target":"3","metadata":{"name":{"containment":"contains"}}},{"source":"0","target":"1","metadata":{"name":{"containment":"contains"}}}]}}
INFO: =============================
INFO: JOBID=5
INFO: RESOURCES=ALLOCATED
INFO: SCHEDULED AT=Now
INFO: =============================
{"graph":{"nodes":[{"id":"61","metadata":{"type":"core","basename":"core","name":"core17","id":17,"uniq_id":61,"rank":-1,"exclusive":true,"unit":"","size":1, "paths":{"containment":"/tiny0/rack0/node1/socket0/core17"}}},{"id":"6","metadata":{"type":"socket","basename":"socket","name":"socket0","id":0,"uniq_id":6,"rank":-1,"exclusive":true,"unit":"","size":1, "paths":{"containment":"/tiny0/rack0/node1/socket0"}}},{"id":"3","metadata":{"type":"node","basename":"node","name":"node1","id":1,"uniq_id":3,"rank":-1,"exclusive":false,"unit":"","size":1, "paths":{"containment":"/tiny0/rack0/node1"}}},{"id":"1","metadata":{"type":"rack","basename":"rack","name":"rack0","id":0,"uniq_id":1,"rank":-1,"exclusive":false,"unit":"","size":1, "paths":{"containment":"/tiny0/rack0"}}},{"id":"0","metadata":{"type":"cluster","basename":"tiny","name":"tiny0","id":0,"uniq_id":0,"rank":-1,"exclusive":false,"unit":"","size":1, "paths":{"containment":"/tiny0"}}}],"edges":[ {"source":"6","target":"61","metadata":{"name":{"containment":"contains"}}},{"source":"3","target":"6","metadata":{"name":{"containment":"contains"}}},{"source":"1","target":"3","metadata":{"name":{"containment":"contains"}}},{"source":"0","target":"1","metadata":{"name":{"containment":"contains"}}}]}}
INFO: =============================
INFO: JOBID=6
INFO: RESOURCES=ALLOCATED
INFO: SCHEDULED AT=Now
INFO: =============================
{"graph":{"nodes":[{"id":"43","metadata":{"type":"core","basename":"core","name":"core35","id":35,"uniq_id":43,"rank":-1,"exclusive":true,"unit":"","size":1, "paths":{"containment":"/tiny0/rack0/node0/socket1/core35"}}},{"id":"5","metadata":{"type":"socket","basename":"socket","name":"socket1","id":1,"uniq_id":5,"rank":-1,"exclusive":true,"unit":"","size":1, "paths":{"containment":"/tiny0/rack0/node0/socket1"}}},{"id":"2","metadata":{"type":"node","basename":"node","name":"node0","id":0,"uniq_id":2,"rank":-1,"exclusive":false,"unit":"","size":1, "paths":{"containment":"/tiny0/rack0/node0"}}},{"id":"1","metadata":{"type":"rack","basename":"rack","name":"rack0","id":0,"uniq_id":1,"rank":-1,"exclusive":false,"unit":"","size":1, "paths":{"containment":"/tiny0/rack0"}}},{"id":"0","metadata":{"type":"cluster","basename":"tiny","name":"tiny0","id":0,"uniq_id":0,"rank":-1,"exclusive":false,"unit":"","size":1, "paths":{"containment":"/tiny0"}}}],"edges":[ {"source":"5","target":"43","metadata":{"name":{"containment":"contains"}}},{"source":"2","target":"5","metadata":{"name":{"containment":"contains"}}},{"source":"1","target":"2","metadata":{"name":{"containment":"contains"}}},{"source":"0","target":"1","metadata":{"name":{"containment":"contains"}}}]}}
INFO: =============================
INFO: JOBID=7
INFO: RESOURCES=ALLOCATED
INFO: SCHEDULED AT=Now
INFO: =============================
{"graph":{"nodes":[{"id":"25","metadata":{"type":"core","basename":"core","name":"core17","id":17,"uniq_id":25,"rank":-1,"exclusive":true,"unit":"","size":1, "paths":{"containment":"/tiny0/rack0/node0/socket0/core17"}}},{"id":"4","metadata":{"type":"socket","basename":"socket","name":"socket0","id":0,"uniq_id":4,"rank":-1,"exclusive":true,"unit":"","size":1, "paths":{"containment":"/tiny0/rack0/node0/socket0"}}},{"id":"2","metadata":{"type":"node","basename":"node","name":"node0","id":0,"uniq_id":2,"rank":-1,"exclusive":false,"unit":"","size":1, "paths":{"containment":"/tiny0/rack0/node0"}}},{"id":"1","metadata":{"type":"rack","basename":"rack","name":"rack0","id":0,"uniq_id":1,"rank":-1,"exclusive":false,"unit":"","size":1, "paths":{"containment":"/tiny0/rack0"}}},{"id":"0","metadata":{"type":"cluster","basename":"tiny","name":"tiny0","id":0,"uniq_id":0,"rank":-1,"exclusive":false,"unit":"","size":1, "paths":{"containment":"/tiny0"}}}],"edges":[ {"source":"4","target":"25","metadata":{"name":{"containment":"contains"}}},{"source":"2","target":"4","metadata":{"name":{"containment":"contains"}}},{"source":"1","target":"2","metadata":{"name":{"containment":"contains"}}},{"source":"0","target":"1","metadata":{"name":{"containment":"contains"}}}]}}
INFO: =============================
INFO: JOBID=8
INFO: RESOURCES=ALLOCATED
INFO: SCHEDULED AT=Now
INFO: =============================
